# JRE version: OpenJDK Runtime Environment (8.0_242-b01) (build 1.8.0_242-release-1644-b01)
# Java VM: OpenJDK 64-Bit Server VM (25.242-b01 mixed mode windows-amd64 compressed oops)
Heap:
 PSYoungGen      total 650752K, used 196559K [0x00000000d5580000, 0x0000000100000000, 0x0000000100000000)
  eden space 604160K, 32% used [0x00000000d5580000,0x00000000e1573df8,0x00000000fa380000)
  from space 46592K, 0% used [0x00000000fa380000,0x00000000fa380000,0x00000000fd100000)
  to   space 48128K, 0% used [0x00000000fd100000,0x00000000fd100000,0x0000000100000000)
 ParOldGen       total 423424K, used 147702K [0x0000000080000000, 0x0000000099d80000, 0x00000000d5580000)
  object space 423424K, 34% used [0x0000000080000000,0x000000008903d920,0x0000000099d80000)
 Metaspace       used 123730K, capacity 129996K, committed 137536K, reserved 1169408K
  class space    used 15731K, capacity 16869K, committed 18560K, reserved 1048576K
GC Heap History (10 events):
Event: 2033.698 GC heap before
{Heap before GC invocations=34 (full 4):
 PSYoungGen      total 641536K, used 601472K [0x00000000d5580000, 0x00000000ffa80000, 0x0000000100000000)
  eden space 592384K, 100% used [0x00000000d5580000,0x00000000f9800000,0x00000000f9800000)
  from space 49152K, 18% used [0x00000000f9800000,0x00000000fa0e0000,0x00000000fc800000)
  to   space 47104K, 0% used [0x00000000fcc80000,0x00000000fcc80000,0x00000000ffa80000)
 ParOldGen       total 270336K, used 198232K [0x0000000080000000, 0x0000000090800000, 0x00000000d5580000)
  object space 270336K, 73% used [0x0000000080000000,0x000000008c1961d0,0x0000000090800000)
 Metaspace       used 120350K, capacity 128512K, committed 128704K, reserved 1161216K
  class space    used 15719K, capacity 17313K, committed 17408K, reserved 1048576K
Event: 2033.710 GC heap after
Heap after GC invocations=34 (full 4):
 PSYoungGen      total 647168K, used 6414K [0x00000000d5580000, 0x00000000ffc00000, 0x0000000100000000)
  eden space 600064K, 0% used [0x00000000d5580000,0x00000000d5580000,0x00000000f9f80000)
  from space 47104K, 13% used [0x00000000fcc80000,0x00000000fd2c3bc8,0x00000000ffa80000)
  to   space 46080K, 0% used [0x00000000f9f80000,0x00000000f9f80000,0x00000000fcc80000)
 ParOldGen       total 270336K, used 205459K [0x0000000080000000, 0x0000000090800000, 0x00000000d5580000)
  object space 270336K, 76% used [0x0000000080000000,0x000000008c8a4e68,0x0000000090800000)
 Metaspace       used 120350K, capacity 128512K, committed 128704K, reserved 1161216K
  class space    used 15719K, capacity 17313K, committed 17408K, reserved 1048576K
}
Event: 2037.394 GC heap before
{Heap before GC invocations=35 (full 4):
 PSYoungGen      total 647168K, used 606478K [0x00000000d5580000, 0x00000000ffc00000, 0x0000000100000000)
  eden space 600064K, 100% used [0x00000000d5580000,0x00000000f9f80000,0x00000000f9f80000)
  from space 47104K, 13% used [0x00000000fcc80000,0x00000000fd2c3bc8,0x00000000ffa80000)
  to   space 46080K, 0% used [0x00000000f9f80000,0x00000000f9f80000,0x00000000fcc80000)
 ParOldGen       total 270336K, used 205459K [0x0000000080000000, 0x0000000090800000, 0x00000000d5580000)
  object space 270336K, 76% used [0x0000000080000000,0x000000008c8a4e68,0x0000000090800000)
 Metaspace       used 120528K, capacity 128606K, committed 128704K, reserved 1161216K
  class space    used 15736K, capacity 17318K, committed 17408K, reserved 1048576K
Event: 2037.403 GC heap after
Heap after GC invocations=35 (full 4):
 PSYoungGen      total 646144K, used 4189K [0x00000000d5580000, 0x00000000ffd00000, 0x0000000100000000)
  eden space 600064K, 0% used [0x00000000d5580000,0x00000000d5580000,0x00000000f9f80000)
  from space 46080K, 9% used [0x00000000f9f80000,0x00000000fa397518,0x00000000fcc80000)
  to   space 45056K, 0% used [0x00000000fd100000,0x00000000fd100000,0x00000000ffd00000)
 ParOldGen       total 270336K, used 206959K [0x0000000080000000, 0x0000000090800000, 0x00000000d5580000)
  object space 270336K, 76% used [0x0000000080000000,0x000000008ca1bcd8,0x0000000090800000)
 Metaspace       used 120528K, capacity 128606K, committed 128704K, reserved 1161216K
  class space    used 15736K, capacity 17318K, committed 17408K, reserved 1048576K
}
Event: 3868.928 GC heap before
{Heap before GC invocations=36 (full 4):
 PSYoungGen      total 646144K, used 604253K [0x00000000d5580000, 0x00000000ffd00000, 0x0000000100000000)
  eden space 600064K, 100% used [0x00000000d5580000,0x00000000f9f80000,0x00000000f9f80000)
  from space 46080K, 9% used [0x00000000f9f80000,0x00000000fa397518,0x00000000fcc80000)
  to   space 45056K, 0% used [0x00000000fd100000,0x00000000fd100000,0x00000000ffd00000)
 ParOldGen       total 270336K, used 206959K [0x0000000080000000, 0x0000000090800000, 0x00000000d5580000)
  object space 270336K, 76% used [0x0000000080000000,0x000000008ca1bcd8,0x0000000090800000)
 Metaspace       used 124378K, capacity 133692K, committed 133824K, reserved 1165312K
  class space    used 16252K, capacity 18122K, committed 18176K, reserved 1048576K
Event: 3868.947 GC heap after
Heap after GC invocations=36 (full 4):
 PSYoungGen      total 649216K, used 26811K [0x00000000d5580000, 0x0000000100000000, 0x0000000100000000)
  eden space 604160K, 0% used [0x00000000d5580000,0x00000000d5580000,0x00000000fa380000)
  from space 45056K, 59% used [0x00000000fd100000,0x00000000feb2ef00,0x00000000ffd00000)
  to   space 46592K, 0% used [0x00000000fa380000,0x00000000fa380000,0x00000000fd100000)
 ParOldGen       total 270336K, used 210526K [0x0000000080000000, 0x0000000090800000, 0x00000000d5580000)
  object space 270336K, 77% used [0x0000000080000000,0x000000008cd97b48,0x0000000090800000)
 Metaspace       used 124378K, capacity 133692K, committed 133824K, reserved 1165312K
  class space    used 16252K, capacity 18122K, committed 18176K, reserved 1048576K
}
Event: 4593.100 GC heap before
{Heap before GC invocations=37 (full 4):
 PSYoungGen      total 649216K, used 630971K [0x00000000d5580000, 0x0000000100000000, 0x0000000100000000)
  eden space 604160K, 100% used [0x00000000d5580000,0x00000000fa380000,0x00000000fa380000)
  from space 45056K, 59% used [0x00000000fd100000,0x00000000feb2ef00,0x00000000ffd00000)
  to   space 46592K, 0% used [0x00000000fa380000,0x00000000fa380000,0x00000000fd100000)
 ParOldGen       total 270336K, used 210526K [0x0000000080000000, 0x0000000090800000, 0x00000000d5580000)
  object space 270336K, 77% used [0x0000000080000000,0x000000008cd97b48,0x0000000090800000)
 Metaspace       used 127825K, capacity 137358K, committed 137536K, reserved 1169408K
  class space    used 16618K, capacity 18531K, committed 18560K, reserved 1048576K
Event: 4593.176 GC heap after
Heap after GC invocations=37 (full 4):
 PSYoungGen      total 650752K, used 46560K [0x00000000d5580000, 0x0000000100000000, 0x0000000100000000)
  eden space 604160K, 0% used [0x00000000d5580000,0x00000000d5580000,0x00000000fa380000)
  from space 46592K, 99% used [0x00000000fa380000,0x00000000fd0f8040,0x00000000fd100000)
  to   space 48128K, 0% used [0x00000000fd100000,0x00000000fd100000,0x0000000100000000)
 ParOldGen       total 270336K, used 269225K [0x0000000080000000, 0x0000000090800000, 0x00000000d5580000)
  object space 270336K, 99% used [0x0000000080000000,0x00000000906ea6f8,0x0000000090800000)
 Metaspace       used 127825K, capacity 137358K, committed 137536K, reserved 1169408K
  class space    used 16618K, capacity 18531K, committed 18560K, reserved 1048576K
}
Event: 4593.176 GC heap before
{Heap before GC invocations=38 (full 5):
 PSYoungGen      total 650752K, used 46560K [0x00000000d5580000, 0x0000000100000000, 0x0000000100000000)
  eden space 604160K, 0% used [0x00000000d5580000,0x00000000d5580000,0x00000000fa380000)
  from space 46592K, 99% used [0x00000000fa380000,0x00000000fd0f8040,0x00000000fd100000)
  to   space 48128K, 0% used [0x00000000fd100000,0x00000000fd100000,0x0000000100000000)
 ParOldGen       total 270336K, used 269225K [0x0000000080000000, 0x0000000090800000, 0x00000000d5580000)
  object space 270336K, 99% used [0x0000000080000000,0x00000000906ea6f8,0x0000000090800000)
 Metaspace       used 127825K, capacity 137358K, committed 137536K, reserved 1169408K
  class space    used 16618K, capacity 18531K, committed 18560K, reserved 1048576K
Event: 4593.760 GC heap after
Heap after GC invocations=38 (full 5):
 PSYoungGen      total 650752K, used 0K [0x00000000d5580000, 0x0000000100000000, 0x0000000100000000)
  eden space 604160K, 0% used [0x00000000d5580000,0x00000000d5580000,0x00000000fa380000)
  from space 46592K, 0% used [0x00000000fa380000,0x00000000fa380000,0x00000000fd100000)
  to   space 48128K, 0% used [0x00000000fd100000,0x00000000fd100000,0x0000000100000000)
 ParOldGen       total 423424K, used 147702K [0x0000000080000000, 0x0000000099d80000, 0x00000000d5580000)
  object space 423424K, 34% used [0x0000000080000000,0x000000008903d920,0x0000000099d80000)
 Metaspace       used 122671K, capacity 128782K, committed 137536K, reserved 1169408K
  class space    used 15629K, capacity 16770K, committed 18560K, reserved 1048576K
}

